<!DOCTYPE html>
<html>
<head>
<meta http-equiv="Content-Type" content="text/html; charset=utf-8"/>
<meta http-equiv="x-ua-compatible" content="IE=edge"/>
<title>Test results - Class com.tek.simTrade.SimTradeApplicationTests</title>
<link href="../css/base-style.css" rel="stylesheet" type="text/css"/>
<link href="../css/style.css" rel="stylesheet" type="text/css"/>
<script src="../js/report.js" type="text/javascript"></script>
</head>
<body>
<div id="content">
<h1>Class com.tek.simTrade.SimTradeApplicationTests</h1>
<div class="breadcrumbs">
<a href="../index.html">all</a> &gt; 
<a href="../packages/com.tek.simTrade.html">com.tek.simTrade</a> &gt; SimTradeApplicationTests</div>
<div id="summary">
<table>
<tr>
<td>
<div class="summaryGroup">
<table>
<tr>
<td>
<div class="infoBox" id="tests">
<div class="counter">1</div>
<p>tests</p>
</div>
</td>
<td>
<div class="infoBox" id="failures">
<div class="counter">1</div>
<p>failures</p>
</div>
</td>
<td>
<div class="infoBox" id="ignored">
<div class="counter">0</div>
<p>ignored</p>
</div>
</td>
<td>
<div class="infoBox" id="duration">
<div class="counter">0.010s</div>
<p>duration</p>
</div>
</td>
</tr>
</table>
</div>
</td>
<td>
<div class="infoBox failures" id="successRate">
<div class="percent">0%</div>
<p>successful</p>
</div>
</td>
</tr>
</table>
</div>
<div id="tabs">
<ul class="tabLinks">
<li>
<a href="#tab0">Failed tests</a>
</li>
<li>
<a href="#tab1">Tests</a>
</li>
<li>
<a href="#tab2">Standard output</a>
</li>
</ul>
<div id="tab0" class="tab">
<h2>Failed tests</h2>
<div class="test">
<a name="contextLoads"></a>
<h3 class="failures">contextLoads</h3>
<span class="code">
<pre>java.lang.IllegalStateException: Failed to load ApplicationContext
	at org.springframework.test.context.cache.DefaultCacheAwareContextLoaderDelegate.loadContext(DefaultCacheAwareContextLoaderDelegate.java:124)
	at org.springframework.test.context.support.DefaultTestContext.getApplicationContext(DefaultTestContext.java:83)
	at org.springframework.test.context.web.ServletTestExecutionListener.setUpRequestContextIfNecessary(ServletTestExecutionListener.java:183)
	at org.springframework.test.context.web.ServletTestExecutionListener.prepareTestInstance(ServletTestExecutionListener.java:123)
	at org.springframework.test.context.TestContextManager.prepareTestInstance(TestContextManager.java:228)
	at org.springframework.test.context.junit4.SpringJUnit4ClassRunner.createTest(SpringJUnit4ClassRunner.java:230)
	at org.springframework.test.context.junit4.SpringJUnit4ClassRunner$1.runReflectiveCall(SpringJUnit4ClassRunner.java:289)
	at org.junit.internal.runners.model.ReflectiveCallable.run(ReflectiveCallable.java:12)
	at org.springframework.test.context.junit4.SpringJUnit4ClassRunner.methodBlock(SpringJUnit4ClassRunner.java:291)
	at org.springframework.test.context.junit4.SpringJUnit4ClassRunner.runChild(SpringJUnit4ClassRunner.java:249)
	at org.springframework.test.context.junit4.SpringJUnit4ClassRunner.runChild(SpringJUnit4ClassRunner.java:89)
	at org.junit.runners.ParentRunner$3.run(ParentRunner.java:290)
	at org.junit.runners.ParentRunner$1.schedule(ParentRunner.java:71)
	at org.junit.runners.ParentRunner.runChildren(ParentRunner.java:288)
	at org.junit.runners.ParentRunner.access$000(ParentRunner.java:58)
	at org.junit.runners.ParentRunner$2.evaluate(ParentRunner.java:268)
	at org.springframework.test.context.junit4.statements.RunBeforeTestClassCallbacks.evaluate(RunBeforeTestClassCallbacks.java:61)
	at org.springframework.test.context.junit4.statements.RunAfterTestClassCallbacks.evaluate(RunAfterTestClassCallbacks.java:70)
	at org.junit.runners.ParentRunner.run(ParentRunner.java:363)
	at org.springframework.test.context.junit4.SpringJUnit4ClassRunner.run(SpringJUnit4ClassRunner.java:193)
	at org.gradle.api.internal.tasks.testing.junit.JUnitTestClassExecuter.runTestClass(JUnitTestClassExecuter.java:105)
	at org.gradle.api.internal.tasks.testing.junit.JUnitTestClassExecuter.execute(JUnitTestClassExecuter.java:56)
	at org.gradle.api.internal.tasks.testing.junit.JUnitTestClassProcessor.processTestClass(JUnitTestClassProcessor.java:64)
	at org.gradle.api.internal.tasks.testing.SuiteTestClassProcessor.processTestClass(SuiteTestClassProcessor.java:50)
	at sun.reflect.NativeMethodAccessorImpl.invoke0(Native Method)
	at sun.reflect.NativeMethodAccessorImpl.invoke(NativeMethodAccessorImpl.java:57)
	at sun.reflect.DelegatingMethodAccessorImpl.invoke(DelegatingMethodAccessorImpl.java:43)
	at java.lang.reflect.Method.invoke(Method.java:606)
	at org.gradle.messaging.dispatch.ReflectionDispatch.dispatch(ReflectionDispatch.java:35)
	at org.gradle.messaging.dispatch.ReflectionDispatch.dispatch(ReflectionDispatch.java:24)
	at org.gradle.messaging.dispatch.ContextClassLoaderDispatch.dispatch(ContextClassLoaderDispatch.java:32)
	at org.gradle.messaging.dispatch.ProxyDispatchAdapter$DispatchingInvocationHandler.invoke(ProxyDispatchAdapter.java:93)
	at com.sun.proxy.$Proxy2.processTestClass(Unknown Source)
	at org.gradle.api.internal.tasks.testing.worker.TestWorker.processTestClass(TestWorker.java:106)
	at sun.reflect.NativeMethodAccessorImpl.invoke0(Native Method)
	at sun.reflect.NativeMethodAccessorImpl.invoke(NativeMethodAccessorImpl.java:57)
	at sun.reflect.DelegatingMethodAccessorImpl.invoke(DelegatingMethodAccessorImpl.java:43)
	at java.lang.reflect.Method.invoke(Method.java:606)
	at org.gradle.messaging.dispatch.ReflectionDispatch.dispatch(ReflectionDispatch.java:35)
	at org.gradle.messaging.dispatch.ReflectionDispatch.dispatch(ReflectionDispatch.java:24)
	at org.gradle.messaging.remote.internal.hub.MessageHub$Handler.run(MessageHub.java:360)
	at org.gradle.internal.concurrent.ExecutorPolicy$CatchAndRecordFailures.onExecute(ExecutorPolicy.java:54)
	at org.gradle.internal.concurrent.StoppableExecutorImpl$1.run(StoppableExecutorImpl.java:40)
	at java.util.concurrent.ThreadPoolExecutor.runWorker(ThreadPoolExecutor.java:1145)
	at java.util.concurrent.ThreadPoolExecutor$Worker.run(ThreadPoolExecutor.java:615)
	at java.lang.Thread.run(Thread.java:745)
Caused by: org.springframework.beans.factory.BeanDefinitionStoreException: Failed to parse configuration class [com.tek.simTrade.SimTradeApplication]; nested exception is java.io.FileNotFoundException: class path resource [properties/local.properties] cannot be opened because it does not exist
	at org.springframework.context.annotation.ConfigurationClassParser.parse(ConfigurationClassParser.java:181)
	at org.springframework.context.annotation.ConfigurationClassPostProcessor.processConfigBeanDefinitions(ConfigurationClassPostProcessor.java:321)
	at org.springframework.context.annotation.ConfigurationClassPostProcessor.postProcessBeanDefinitionRegistry(ConfigurationClassPostProcessor.java:243)
	at org.springframework.context.support.PostProcessorRegistrationDelegate.invokeBeanDefinitionRegistryPostProcessors(PostProcessorRegistrationDelegate.java:273)
	at org.springframework.context.support.PostProcessorRegistrationDelegate.invokeBeanFactoryPostProcessors(PostProcessorRegistrationDelegate.java:98)
	at org.springframework.context.support.AbstractApplicationContext.invokeBeanFactoryPostProcessors(AbstractApplicationContext.java:678)
	at org.springframework.context.support.AbstractApplicationContext.refresh(AbstractApplicationContext.java:520)
	at org.springframework.boot.SpringApplication.refresh(SpringApplication.java:766)
	at org.springframework.boot.SpringApplication.createAndRefreshContext(SpringApplication.java:361)
	at org.springframework.boot.SpringApplication.run(SpringApplication.java:307)
	at org.springframework.boot.test.SpringApplicationContextLoader.loadContext(SpringApplicationContextLoader.java:98)
	at org.springframework.test.context.cache.DefaultCacheAwareContextLoaderDelegate.loadContextInternal(DefaultCacheAwareContextLoaderDelegate.java:98)
	at org.springframework.test.context.cache.DefaultCacheAwareContextLoaderDelegate.loadContext(DefaultCacheAwareContextLoaderDelegate.java:116)
	... 45 more
Caused by: java.io.FileNotFoundException: class path resource [properties/local.properties] cannot be opened because it does not exist
	at org.springframework.core.io.ClassPathResource.getInputStream(ClassPathResource.java:172)
	at org.springframework.core.io.support.EncodedResource.getInputStream(EncodedResource.java:153)
	at org.springframework.core.io.support.PropertiesLoaderUtils.fillProperties(PropertiesLoaderUtils.java:98)
	at org.springframework.core.io.support.PropertiesLoaderUtils.fillProperties(PropertiesLoaderUtils.java:72)
	at org.springframework.core.io.support.PropertiesLoaderUtils.loadProperties(PropertiesLoaderUtils.java:58)
	at org.springframework.core.io.support.ResourcePropertySource.&lt;init&gt;(ResourcePropertySource.java:84)
	at org.springframework.context.annotation.ConfigurationClassParser.processPropertySource(ConfigurationClassParser.java:360)
	at org.springframework.context.annotation.ConfigurationClassParser.doProcessConfigurationClass(ConfigurationClassParser.java:254)
	at org.springframework.context.annotation.ConfigurationClassParser.processConfigurationClass(ConfigurationClassParser.java:231)
	at org.springframework.context.annotation.ConfigurationClassParser.parse(ConfigurationClassParser.java:190)
	at org.springframework.context.annotation.ConfigurationClassParser.doProcessConfigurationClass(ConfigurationClassParser.java:271)
	at org.springframework.context.annotation.ConfigurationClassParser.processConfigurationClass(ConfigurationClassParser.java:231)
	at org.springframework.context.annotation.ConfigurationClassParser.parse(ConfigurationClassParser.java:198)
	at org.springframework.context.annotation.ConfigurationClassParser.parse(ConfigurationClassParser.java:167)
	... 57 more
</pre>
</span>
</div>
</div>
<div id="tab1" class="tab">
<h2>Tests</h2>
<table>
<thead>
<tr>
<th>Test</th>
<th>Duration</th>
<th>Result</th>
</tr>
</thead>
<tr>
<td class="failures">contextLoads</td>
<td>0.010s</td>
<td class="failures">failed</td>
</tr>
</table>
</div>
<div id="tab2" class="tab">
<h2>Standard output</h2>
<span class="code">
<pre>19:47:46.369 [Test worker] DEBUG o.s.t.c.j.SpringJUnit4ClassRunner - SpringJUnit4ClassRunner constructor called with [class com.tek.simTrade.SimTradeApplicationTests]
19:47:46.373 [Test worker] DEBUG o.s.test.context.BootstrapUtils - Instantiating CacheAwareContextLoaderDelegate from class [org.springframework.test.context.cache.DefaultCacheAwareContextLoaderDelegate]
19:47:46.378 [Test worker] DEBUG o.s.test.context.BootstrapUtils - Instantiating BootstrapContext using constructor [public org.springframework.test.context.support.DefaultBootstrapContext(java.lang.Class,org.springframework.test.context.CacheAwareContextLoaderDelegate)]
19:47:46.388 [Test worker] DEBUG o.s.test.context.BootstrapUtils - Instantiating TestContextBootstrapper for test class [com.tek.simTrade.SimTradeApplicationTests] from class [org.springframework.test.context.web.WebTestContextBootstrapper]
19:47:46.405 [Test worker] DEBUG o.s.t.c.w.WebTestContextBootstrapper - Found explicit ContextLoader class [org.springframework.boot.test.SpringApplicationContextLoader] for context configuration attributes [ContextConfigurationAttributes@2324fb16 declaringClass = 'com.tek.simTrade.SimTradeApplicationTests', classes = '{class com.tek.simTrade.SimTradeApplication}', locations = '{}', inheritLocations = true, initializers = '{}', inheritInitializers = true, name = [null], contextLoaderClass = 'org.springframework.boot.test.SpringApplicationContextLoader']
19:47:46.413 [Test worker] DEBUG o.s.t.c.s.AbstractContextLoader - Did not detect default resource location for test class [com.tek.simTrade.SimTradeApplicationTests]: class path resource [com/tek/simTrade/SimTradeApplicationTests-context.xml] does not exist
19:47:46.413 [Test worker] DEBUG o.s.t.c.s.AbstractContextLoader - Did not detect default resource location for test class [com.tek.simTrade.SimTradeApplicationTests]: class path resource [com/tek/simTrade/SimTradeApplicationTestsContext.groovy] does not exist
19:47:46.413 [Test worker] INFO  o.s.t.c.s.AbstractContextLoader - Could not detect default resource locations for test class [com.tek.simTrade.SimTradeApplicationTests]: no resource found for suffixes {-context.xml, Context.groovy}.
19:47:46.415 [Test worker] DEBUG o.s.t.c.support.ActiveProfilesUtils - Could not find an 'annotation declaring class' for annotation type [org.springframework.test.context.ActiveProfiles] and class [com.tek.simTrade.SimTradeApplicationTests]
19:47:46.418 [Test worker] DEBUG o.s.t.c.w.WebTestContextBootstrapper - @TestExecutionListeners is not present for class [com.tek.simTrade.SimTradeApplicationTests]: using defaults.
19:47:46.425 [Test worker] INFO  o.s.t.c.w.WebTestContextBootstrapper - Loaded default TestExecutionListener class names from location [META-INF/spring.factories]: [org.springframework.test.context.web.ServletTestExecutionListener, org.springframework.test.context.support.DirtiesContextBeforeModesTestExecutionListener, org.springframework.test.context.support.DependencyInjectionTestExecutionListener, org.springframework.test.context.support.DirtiesContextTestExecutionListener, org.springframework.test.context.transaction.TransactionalTestExecutionListener, org.springframework.test.context.jdbc.SqlScriptsTestExecutionListener]
19:47:46.440 [Test worker] INFO  o.s.t.c.w.WebTestContextBootstrapper - Using TestExecutionListeners: [org.springframework.test.context.web.ServletTestExecutionListener@d0968f1, org.springframework.test.context.support.DirtiesContextBeforeModesTestExecutionListener@64c8ace6, org.springframework.test.context.support.DependencyInjectionTestExecutionListener@32cf63bb, org.springframework.test.context.support.DirtiesContextTestExecutionListener@4d9ca40c, org.springframework.test.context.transaction.TransactionalTestExecutionListener@66d637a2, org.springframework.test.context.jdbc.SqlScriptsTestExecutionListener@79dea16c]
19:47:46.443 [Test worker] DEBUG o.s.t.annotation.ProfileValueUtils - Retrieved @ProfileValueSourceConfiguration [null] for test class [com.tek.simTrade.SimTradeApplicationTests]
19:47:46.443 [Test worker] DEBUG o.s.t.annotation.ProfileValueUtils - Retrieved ProfileValueSource type [class org.springframework.test.annotation.SystemProfileValueSource] for class [com.tek.simTrade.SimTradeApplicationTests]
19:47:46.444 [Test worker] DEBUG o.s.t.annotation.ProfileValueUtils - Retrieved @ProfileValueSourceConfiguration [null] for test class [com.tek.simTrade.SimTradeApplicationTests]
19:47:46.444 [Test worker] DEBUG o.s.t.annotation.ProfileValueUtils - Retrieved ProfileValueSource type [class org.springframework.test.annotation.SystemProfileValueSource] for class [com.tek.simTrade.SimTradeApplicationTests]
19:47:46.446 [Test worker] DEBUG o.s.t.c.s.AbstractDirtiesContextTestExecutionListener - Before test class: context [DefaultTestContext@6a3801ec testClass = SimTradeApplicationTests, testInstance = [null], testMethod = [null], testException = [null], mergedContextConfiguration = [WebMergedContextConfiguration@306636f testClass = SimTradeApplicationTests, locations = '{}', classes = '{class com.tek.simTrade.SimTradeApplication}', contextInitializerClasses = '[]', activeProfiles = '{}', propertySourceLocations = '{}', propertySourceProperties = '{}', resourceBasePath = 'src/main/webapp', contextLoader = 'org.springframework.boot.test.SpringApplicationContextLoader', parent = [null]]], class annotated with @DirtiesContext [false] with mode [null].
19:47:46.447 [Test worker] DEBUG o.s.t.annotation.ProfileValueUtils - Retrieved @ProfileValueSourceConfiguration [null] for test class [com.tek.simTrade.SimTradeApplicationTests]
19:47:46.447 [Test worker] DEBUG o.s.t.annotation.ProfileValueUtils - Retrieved ProfileValueSource type [class org.springframework.test.annotation.SystemProfileValueSource] for class [com.tek.simTrade.SimTradeApplicationTests]
19:47:46.511 [Test worker] DEBUG o.s.core.env.StandardEnvironment - Adding [systemProperties] PropertySource with lowest search precedence
19:47:46.513 [Test worker] DEBUG o.s.core.env.StandardEnvironment - Adding [systemEnvironment] PropertySource with lowest search precedence
19:47:46.513 [Test worker] DEBUG o.s.core.env.StandardEnvironment - Initialized StandardEnvironment with PropertySources [systemProperties,systemEnvironment]
19:47:46.514 [Test worker] DEBUG o.s.core.env.StandardEnvironment - Adding [integrationTest] PropertySource with search precedence immediately lower than [systemEnvironment]

  .   ____          _            __ _ _
 /\\ / ___'_ __ _ _(_)_ __  __ _ \ \ \ \
( ( )\___ | '_ | '_| | '_ \/ _` | \ \ \ \
 \\/  ___)| |_)| | | | | || (_| |  ) ) ) )
  '  |____| .__|_| |_|_| |_\__, | / / / /
 =========|_|==============|___/=/_/_/_/
 :: Spring Boot ::        (v1.3.2.RELEASE)

2016-02-05 19:47:46.708  INFO 1500 --- [    Test worker] c.tek.simTrade.SimTradeApplicationTests  : Starting SimTradeApplicationTests on ASI-INA532ZTNC with PID 1500 (started by adevanan in C:\Users\adevanan\Desktop\Arshith Dev\CodeBase\SimTrade)
2016-02-05 19:47:46.708  INFO 1500 --- [    Test worker] c.tek.simTrade.SimTradeApplicationTests  : No active profile set, falling back to default profiles: default
2016-02-05 19:47:46.773  INFO 1500 --- [    Test worker] o.s.w.c.s.GenericWebApplicationContext   : Refreshing org.springframework.web.context.support.GenericWebApplicationContext@57931be2: startup date [Fri Feb 05 19:47:46 IST 2016]; root of context hierarchy
2016-02-05 19:47:46.862  WARN 1500 --- [    Test worker] o.s.w.c.s.GenericWebApplicationContext   : Exception encountered during context initialization - cancelling refresh attempt: org.springframework.beans.factory.BeanDefinitionStoreException: Failed to parse configuration class [com.tek.simTrade.SimTradeApplication]; nested exception is java.io.FileNotFoundException: class path resource [properties/local.properties] cannot be opened because it does not exist
2016-02-05 19:47:46.868 ERROR 1500 --- [    Test worker] o.s.boot.SpringApplication               : Application startup failed

org.springframework.beans.factory.BeanDefinitionStoreException: Failed to parse configuration class [com.tek.simTrade.SimTradeApplication]; nested exception is java.io.FileNotFoundException: class path resource [properties/local.properties] cannot be opened because it does not exist
	at org.springframework.context.annotation.ConfigurationClassParser.parse(ConfigurationClassParser.java:181) ~[spring-context-4.2.4.RELEASE.jar:4.2.4.RELEASE]
	at org.springframework.context.annotation.ConfigurationClassPostProcessor.processConfigBeanDefinitions(ConfigurationClassPostProcessor.java:321) ~[spring-context-4.2.4.RELEASE.jar:4.2.4.RELEASE]
	at org.springframework.context.annotation.ConfigurationClassPostProcessor.postProcessBeanDefinitionRegistry(ConfigurationClassPostProcessor.java:243) ~[spring-context-4.2.4.RELEASE.jar:4.2.4.RELEASE]
	at org.springframework.context.support.PostProcessorRegistrationDelegate.invokeBeanDefinitionRegistryPostProcessors(PostProcessorRegistrationDelegate.java:273) ~[spring-context-4.2.4.RELEASE.jar:4.2.4.RELEASE]
	at org.springframework.context.support.PostProcessorRegistrationDelegate.invokeBeanFactoryPostProcessors(PostProcessorRegistrationDelegate.java:98) ~[spring-context-4.2.4.RELEASE.jar:4.2.4.RELEASE]
	at org.springframework.context.support.AbstractApplicationContext.invokeBeanFactoryPostProcessors(AbstractApplicationContext.java:678) ~[spring-context-4.2.4.RELEASE.jar:4.2.4.RELEASE]
	at org.springframework.context.support.AbstractApplicationContext.refresh(AbstractApplicationContext.java:520) ~[spring-context-4.2.4.RELEASE.jar:4.2.4.RELEASE]
	at org.springframework.boot.SpringApplication.refresh(SpringApplication.java:766) ~[spring-boot-1.3.2.RELEASE.jar:1.3.2.RELEASE]
	at org.springframework.boot.SpringApplication.createAndRefreshContext(SpringApplication.java:361) ~[spring-boot-1.3.2.RELEASE.jar:1.3.2.RELEASE]
	at org.springframework.boot.SpringApplication.run(SpringApplication.java:307) ~[spring-boot-1.3.2.RELEASE.jar:1.3.2.RELEASE]
	at org.springframework.boot.test.SpringApplicationContextLoader.loadContext(SpringApplicationContextLoader.java:98) [spring-boot-1.3.2.RELEASE.jar:1.3.2.RELEASE]
	at org.springframework.test.context.cache.DefaultCacheAwareContextLoaderDelegate.loadContextInternal(DefaultCacheAwareContextLoaderDelegate.java:98) [spring-test-4.2.4.RELEASE.jar:4.2.4.RELEASE]
	at org.springframework.test.context.cache.DefaultCacheAwareContextLoaderDelegate.loadContext(DefaultCacheAwareContextLoaderDelegate.java:116) [spring-test-4.2.4.RELEASE.jar:4.2.4.RELEASE]
	at org.springframework.test.context.support.DefaultTestContext.getApplicationContext(DefaultTestContext.java:83) [spring-test-4.2.4.RELEASE.jar:4.2.4.RELEASE]
	at org.springframework.test.context.web.ServletTestExecutionListener.setUpRequestContextIfNecessary(ServletTestExecutionListener.java:183) [spring-test-4.2.4.RELEASE.jar:4.2.4.RELEASE]
	at org.springframework.test.context.web.ServletTestExecutionListener.prepareTestInstance(ServletTestExecutionListener.java:123) [spring-test-4.2.4.RELEASE.jar:4.2.4.RELEASE]
	at org.springframework.test.context.TestContextManager.prepareTestInstance(TestContextManager.java:228) [spring-test-4.2.4.RELEASE.jar:4.2.4.RELEASE]
	at org.springframework.test.context.junit4.SpringJUnit4ClassRunner.createTest(SpringJUnit4ClassRunner.java:230) [spring-test-4.2.4.RELEASE.jar:4.2.4.RELEASE]
	at org.springframework.test.context.junit4.SpringJUnit4ClassRunner$1.runReflectiveCall(SpringJUnit4ClassRunner.java:289) [spring-test-4.2.4.RELEASE.jar:4.2.4.RELEASE]
	at org.junit.internal.runners.model.ReflectiveCallable.run(ReflectiveCallable.java:12) [junit-4.12.jar:4.12]
	at org.springframework.test.context.junit4.SpringJUnit4ClassRunner.methodBlock(SpringJUnit4ClassRunner.java:291) [spring-test-4.2.4.RELEASE.jar:4.2.4.RELEASE]
	at org.springframework.test.context.junit4.SpringJUnit4ClassRunner.runChild(SpringJUnit4ClassRunner.java:249) [spring-test-4.2.4.RELEASE.jar:4.2.4.RELEASE]
	at org.springframework.test.context.junit4.SpringJUnit4ClassRunner.runChild(SpringJUnit4ClassRunner.java:89) [spring-test-4.2.4.RELEASE.jar:4.2.4.RELEASE]
	at org.junit.runners.ParentRunner$3.run(ParentRunner.java:290) [junit-4.12.jar:4.12]
	at org.junit.runners.ParentRunner$1.schedule(ParentRunner.java:71) [junit-4.12.jar:4.12]
	at org.junit.runners.ParentRunner.runChildren(ParentRunner.java:288) [junit-4.12.jar:4.12]
	at org.junit.runners.ParentRunner.access$000(ParentRunner.java:58) [junit-4.12.jar:4.12]
	at org.junit.runners.ParentRunner$2.evaluate(ParentRunner.java:268) [junit-4.12.jar:4.12]
	at org.springframework.test.context.junit4.statements.RunBeforeTestClassCallbacks.evaluate(RunBeforeTestClassCallbacks.java:61) [spring-test-4.2.4.RELEASE.jar:4.2.4.RELEASE]
	at org.springframework.test.context.junit4.statements.RunAfterTestClassCallbacks.evaluate(RunAfterTestClassCallbacks.java:70) [spring-test-4.2.4.RELEASE.jar:4.2.4.RELEASE]
	at org.junit.runners.ParentRunner.run(ParentRunner.java:363) [junit-4.12.jar:4.12]
	at org.springframework.test.context.junit4.SpringJUnit4ClassRunner.run(SpringJUnit4ClassRunner.java:193) [spring-test-4.2.4.RELEASE.jar:4.2.4.RELEASE]
	at org.gradle.api.internal.tasks.testing.junit.JUnitTestClassExecuter.runTestClass(JUnitTestClassExecuter.java:105) [gradle-plugins-2.9.jar:2.9]
	at org.gradle.api.internal.tasks.testing.junit.JUnitTestClassExecuter.execute(JUnitTestClassExecuter.java:56) [gradle-plugins-2.9.jar:2.9]
	at org.gradle.api.internal.tasks.testing.junit.JUnitTestClassProcessor.processTestClass(JUnitTestClassProcessor.java:64) [gradle-plugins-2.9.jar:2.9]
	at org.gradle.api.internal.tasks.testing.SuiteTestClassProcessor.processTestClass(SuiteTestClassProcessor.java:50) [gradle-plugins-2.9.jar:2.9]
	at sun.reflect.NativeMethodAccessorImpl.invoke0(Native Method) ~[na:1.7.0_79]
	at sun.reflect.NativeMethodAccessorImpl.invoke(NativeMethodAccessorImpl.java:57) ~[na:1.7.0_79]
	at sun.reflect.DelegatingMethodAccessorImpl.invoke(DelegatingMethodAccessorImpl.java:43) ~[na:1.7.0_79]
	at java.lang.reflect.Method.invoke(Method.java:606) ~[na:1.7.0_79]
	at org.gradle.messaging.dispatch.ReflectionDispatch.dispatch(ReflectionDispatch.java:35) [gradle-messaging-2.9.jar:2.9]
	at org.gradle.messaging.dispatch.ReflectionDispatch.dispatch(ReflectionDispatch.java:24) [gradle-messaging-2.9.jar:2.9]
	at org.gradle.messaging.dispatch.ContextClassLoaderDispatch.dispatch(ContextClassLoaderDispatch.java:32) [gradle-messaging-2.9.jar:2.9]
	at org.gradle.messaging.dispatch.ProxyDispatchAdapter$DispatchingInvocationHandler.invoke(ProxyDispatchAdapter.java:93) [gradle-messaging-2.9.jar:2.9]
	at com.sun.proxy.$Proxy2.processTestClass(Unknown Source) [na:na]
	at org.gradle.api.internal.tasks.testing.worker.TestWorker.processTestClass(TestWorker.java:106) [gradle-plugins-2.9.jar:2.9]
	at sun.reflect.NativeMethodAccessorImpl.invoke0(Native Method) ~[na:1.7.0_79]
	at sun.reflect.NativeMethodAccessorImpl.invoke(NativeMethodAccessorImpl.java:57) ~[na:1.7.0_79]
	at sun.reflect.DelegatingMethodAccessorImpl.invoke(DelegatingMethodAccessorImpl.java:43) ~[na:1.7.0_79]
	at java.lang.reflect.Method.invoke(Method.java:606) ~[na:1.7.0_79]
	at org.gradle.messaging.dispatch.ReflectionDispatch.dispatch(ReflectionDispatch.java:35) [gradle-messaging-2.9.jar:2.9]
	at org.gradle.messaging.dispatch.ReflectionDispatch.dispatch(ReflectionDispatch.java:24) [gradle-messaging-2.9.jar:2.9]
	at org.gradle.messaging.remote.internal.hub.MessageHub$Handler.run(MessageHub.java:360) [gradle-messaging-2.9.jar:2.9]
	at org.gradle.internal.concurrent.ExecutorPolicy$CatchAndRecordFailures.onExecute(ExecutorPolicy.java:54) [gradle-base-services-2.9.jar:2.9]
	at org.gradle.internal.concurrent.StoppableExecutorImpl$1.run(StoppableExecutorImpl.java:40) [gradle-base-services-2.9.jar:2.9]
	at java.util.concurrent.ThreadPoolExecutor.runWorker(ThreadPoolExecutor.java:1145) [na:1.7.0_79]
	at java.util.concurrent.ThreadPoolExecutor$Worker.run(ThreadPoolExecutor.java:615) [na:1.7.0_79]
	at java.lang.Thread.run(Thread.java:745) [na:1.7.0_79]
Caused by: java.io.FileNotFoundException: class path resource [properties/local.properties] cannot be opened because it does not exist
	at org.springframework.core.io.ClassPathResource.getInputStream(ClassPathResource.java:172) ~[spring-core-4.2.4.RELEASE.jar:4.2.4.RELEASE]
	at org.springframework.core.io.support.EncodedResource.getInputStream(EncodedResource.java:153) ~[spring-core-4.2.4.RELEASE.jar:4.2.4.RELEASE]
	at org.springframework.core.io.support.PropertiesLoaderUtils.fillProperties(PropertiesLoaderUtils.java:98) ~[spring-core-4.2.4.RELEASE.jar:4.2.4.RELEASE]
	at org.springframework.core.io.support.PropertiesLoaderUtils.fillProperties(PropertiesLoaderUtils.java:72) ~[spring-core-4.2.4.RELEASE.jar:4.2.4.RELEASE]
	at org.springframework.core.io.support.PropertiesLoaderUtils.loadProperties(PropertiesLoaderUtils.java:58) ~[spring-core-4.2.4.RELEASE.jar:4.2.4.RELEASE]
	at org.springframework.core.io.support.ResourcePropertySource.&lt;init&gt;(ResourcePropertySource.java:84) ~[spring-core-4.2.4.RELEASE.jar:4.2.4.RELEASE]
	at org.springframework.context.annotation.ConfigurationClassParser.processPropertySource(ConfigurationClassParser.java:360) ~[spring-context-4.2.4.RELEASE.jar:4.2.4.RELEASE]
	at org.springframework.context.annotation.ConfigurationClassParser.doProcessConfigurationClass(ConfigurationClassParser.java:254) ~[spring-context-4.2.4.RELEASE.jar:4.2.4.RELEASE]
	at org.springframework.context.annotation.ConfigurationClassParser.processConfigurationClass(ConfigurationClassParser.java:231) ~[spring-context-4.2.4.RELEASE.jar:4.2.4.RELEASE]
	at org.springframework.context.annotation.ConfigurationClassParser.parse(ConfigurationClassParser.java:190) ~[spring-context-4.2.4.RELEASE.jar:4.2.4.RELEASE]
	at org.springframework.context.annotation.ConfigurationClassParser.doProcessConfigurationClass(ConfigurationClassParser.java:271) ~[spring-context-4.2.4.RELEASE.jar:4.2.4.RELEASE]
	at org.springframework.context.annotation.ConfigurationClassParser.processConfigurationClass(ConfigurationClassParser.java:231) ~[spring-context-4.2.4.RELEASE.jar:4.2.4.RELEASE]
	at org.springframework.context.annotation.ConfigurationClassParser.parse(ConfigurationClassParser.java:198) ~[spring-context-4.2.4.RELEASE.jar:4.2.4.RELEASE]
	at org.springframework.context.annotation.ConfigurationClassParser.parse(ConfigurationClassParser.java:167) ~[spring-context-4.2.4.RELEASE.jar:4.2.4.RELEASE]
	... 57 common frames omitted

2016-02-05 19:47:46.873  INFO 1500 --- [    Test worker] .b.l.ClasspathLoggingApplicationListener : Application failed to start with classpath: [file:/C:/Users/adevanan/.gradle/caches/2.9/workerMain/gradle-worker.jar, file:/C:/Users/adevanan/Desktop/Arshith%20Dev/CodeBase/SimTrade/build/classes/test/, file:/C:/Users/adevanan/Desktop/Arshith%20Dev/CodeBase/SimTrade/build/resources/test, file:/C:/Users/adevanan/Desktop/Arshith%20Dev/CodeBase/SimTrade/build/classes/main/, file:/C:/Users/adevanan/Desktop/Arshith%20Dev/CodeBase/SimTrade/build/resources/main/, file:/C:/Users/adevanan/.gradle/caches/modules-2/files-2.1/org.springframework.boot/spring-boot-starter-actuator/1.3.2.RELEASE/3b15d341263824d27b2f5377832027bef8f5c016/spring-boot-starter-actuator-1.3.2.RELEASE.jar, file:/C:/Users/adevanan/.gradle/caches/modules-2/files-2.1/org.springframework.boot/spring-boot-starter-data-rest/1.3.2.RELEASE/3c642780a7f4fee86368610e5f05cf591e7a90ba/spring-boot-starter-data-rest-1.3.2.RELEASE.jar, file:/C:/Users/adevanan/.gradle/caches/modules-2/files-2.1/org.springframework.boot/spring-boot-starter-web/1.3.2.RELEASE/11876c0f2e6c9b00530e919f915d0ff6f665f7bc/spring-boot-starter-web-1.3.2.RELEASE.jar, file:/C:/Users/adevanan/.gradle/caches/modules-2/files-2.1/com.amazonaws/aws-java-sdk/1.10.50/2a9f534a3453d1d2ce7bb0883e566bb8062b8bf3/aws-java-sdk-1.10.50.jar, file:/C:/Users/adevanan/.gradle/caches/modules-2/files-2.1/org.springframework.boot/spring-boot-starter-test/1.3.2.RELEASE/56435b01ff480982fd0670a321c85cae6978973e/spring-boot-starter-test-1.3.2.RELEASE.jar, file:/C:/Users/adevanan/.gradle/caches/modules-2/files-2.1/org.springframework.boot/spring-boot-starter/1.3.2.RELEASE/bf98e5da17df2f2c1a7b099631de0f53b663e57f/spring-boot-starter-1.3.2.RELEASE.jar, file:/C:/Users/adevanan/.gradle/caches/modules-2/files-2.1/org.springframework.boot/spring-boot-actuator/1.3.2.RELEASE/45b1026dc7256472b8553f030bbad72a8966c393/spring-boot-actuator-1.3.2.RELEASE.jar, file:/C:/Users/adevanan/.gradle/caches/modules-2/files-2.1/com.fasterxml.jackson.core/jackson-annotations/2.6.5/65137ebf85056473b40c311f889601646a7612ba/jackson-annotations-2.6.5.jar, file:/C:/Users/adevanan/.gradle/caches/modules-2/files-2.1/com.fasterxml.jackson.core/jackson-databind/2.6.5/d50be1723a09befd903887099ff2014ea9020333/jackson-databind-2.6.5.jar, file:/C:/Users/adevanan/.gradle/caches/modules-2/files-2.1/org.springframework.data/spring-data-rest-webmvc/2.4.2.RELEASE/e28408458a93566dfecc3e3285350c0ce10e721d/spring-data-rest-webmvc-2.4.2.RELEASE.jar, file:/C:/Users/adevanan/.gradle/caches/modules-2/files-2.1/org.springframework.boot/spring-boot-starter-tomcat/1.3.2.RELEASE/cd57af767a29484de124b8ed46ae82d974cc6901/spring-boot-starter-tomcat-1.3.2.RELEASE.jar, file:/C:/Users/adevanan/.gradle/caches/modules-2/files-2.1/org.springframework.boot/spring-boot-starter-validation/1.3.2.RELEASE/89cf677b97e59ed6a4b5e00350aa2b294fe04e33/spring-boot-starter-validation-1.3.2.RELEASE.jar, file:/C:/Users/adevanan/.gradle/caches/modules-2/files-2.1/org.springframework/spring-web/4.2.4.RELEASE/d4bcc6f4d8b64d7af9b67bc17f0d5106dce97926/spring-web-4.2.4.RELEASE.jar, file:/C:/Users/adevanan/.gradle/caches/modules-2/files-2.1/org.springframework/spring-webmvc/4.2.4.RELEASE/cf4317be9c83b4c1c65ce2d3bb96673ac546030a/spring-webmvc-4.2.4.RELEASE.jar, file:/C:/Users/adevanan/.gradle/caches/modules-2/files-2.1/com.amazonaws/aws-java-sdk-support/1.10.50/ed77c95699c9fd1f56431ce1eb865ff48fc5e600/aws-java-sdk-support-1.10.50.jar, file:/C:/Users/adevanan/.gradle/caches/modules-2/files-2.1/com.amazonaws/aws-java-sdk-simpledb/1.10.50/aa635c0b2367871a8491f4abf6f1b26e46e9f9c3/aws-java-sdk-simpledb-1.10.50.jar, file:/C:/Users/adevanan/.gradle/caches/modules-2/files-2.1/com.amazonaws/aws-java-sdk-simpleworkflow/1.10.50/6ad8354d3292c148cdf680e7116fa423c31a4ce2/aws-java-sdk-simpleworkflow-1.10.50.jar, file:/C:/Users/adevanan/.gradle/caches/modules-2/files-2.1/com.amazonaws/aws-java-sdk-storagegateway/1.10.50/8d93c786475fba2bd70ed2902ec1f202542dbdfe/aws-java-sdk-storagegateway-1.10.50.jar, file:/C:/Users/adevanan/.gradle/caches/modules-2/files-2.1/com.amazonaws/aws-java-sdk-route53/1.10.50/5352d1914f0e71824efcb3957bd34f6c2fd95a43/aws-java-sdk-route53-1.10.50.jar, file:/C:/Users/adevanan/.gradle/caches/modules-2/files-2.1/com.amazonaws/aws-java-sdk-s3/1.10.50/a0424f494aa93117740a9a3be628845b7ed958b7/aws-java-sdk-s3-1.10.50.jar, file:/C:/Users/adevanan/.gradle/caches/modules-2/files-2.1/com.amazonaws/aws-java-sdk-importexport/1.10.50/d662f59bbfb98d7e71f479d73dde42e00192ba9f/aws-java-sdk-importexport-1.10.50.jar, file:/C:/Users/adevanan/.gradle/caches/modules-2/files-2.1/com.amazonaws/aws-java-sdk-sts/1.10.50/ac6f7beee73f567a6cb9ac9995c55a7d05b31965/aws-java-sdk-sts-1.10.50.jar, file:/C:/Users/adevanan/.gradle/caches/modules-2/files-2.1/com.amazonaws/aws-java-sdk-sqs/1.10.50/e3b4bc76b8dd447650f5466e20050c16509007be/aws-java-sdk-sqs-1.10.50.jar, file:/C:/Users/adevanan/.gradle/caches/modules-2/files-2.1/com.amazonaws/aws-java-sdk-rds/1.10.50/857b1a8615f19984a88cd46eab8d548102a5801d/aws-java-sdk-rds-1.10.50.jar, file:/C:/Users/adevanan/.gradle/caches/modules-2/files-2.1/com.amazonaws/aws-java-sdk-redshift/1.10.50/c0a0e895a1de75ff1d68ea037176a97b295bc6da/aws-java-sdk-redshift-1.10.50.jar, file:/C:/Users/adevanan/.gradle/caches/modules-2/files-2.1/com.amazonaws/aws-java-sdk-elasticbeanstalk/1.10.50/8df3ed09e1313baa3a4b37613f08c22a3248fa1d/aws-java-sdk-elasticbeanstalk-1.10.50.jar, file:/C:/Users/adevanan/.gradle/caches/modules-2/files-2.1/com.amazonaws/aws-java-sdk-glacier/1.10.50/e8a3080a7b245d5064d30d69d47910e553b582ab/aws-java-sdk-glacier-1.10.50.jar, file:/C:/Users/adevanan/.gradle/caches/modules-2/files-2.1/com.amazonaws/aws-java-sdk-iam/1.10.50/80d4d46e4488ba25c25739f3155b0f88327eedab/aws-java-sdk-iam-1.10.50.jar, file:/C:/Users/adevanan/.gradle/caches/modules-2/files-2.1/com.amazonaws/aws-java-sdk-datapipeline/1.10.50/97992243ccf3d6aef27be0cab56ea65065566bd0/aws-java-sdk-datapipeline-1.10.50.jar, file:/C:/Users/adevanan/.gradle/caches/modules-2/files-2.1/com.amazonaws/aws-java-sdk-elasticloadbalancing/1.10.50/7341cace2cb6557f7b3e03ccf922bed7b2d03fe8/aws-java-sdk-elasticloadbalancing-1.10.50.jar, file:/C:/Users/adevanan/.gradle/caches/modules-2/files-2.1/com.amazonaws/aws-java-sdk-emr/1.10.50/f90ee5a891e92f215bc3cddf951cfe3c229c113e/aws-java-sdk-emr-1.10.50.jar, file:/C:/Users/adevanan/.gradle/caches/modules-2/files-2.1/com.amazonaws/aws-java-sdk-elasticache/1.10.50/838a9ae127382e2fa92b3b62e38d53b82c09ec7c/aws-java-sdk-elasticache-1.10.50.jar, file:/C:/Users/adevanan/.gradle/caches/modules-2/files-2.1/com.amazonaws/aws-java-sdk-elastictranscoder/1.10.50/2e4519dcfde0ec6ba21525a54b08ca1a9664b386/aws-java-sdk-elastictranscoder-1.10.50.jar, file:/C:/Users/adevanan/.gradle/caches/modules-2/files-2.1/com.amazonaws/aws-java-sdk-ec2/1.10.50/92524a5699ec8f06958d075473301e8600a97b33/aws-java-sdk-ec2-1.10.50.jar, file:/C:/Users/adevanan/.gradle/caches/modules-2/files-2.1/com.amazonaws/aws-java-sdk-dynamodb/1.10.50/d1450c2ab2477131e4bbbaa3b37292f900fb5d3d/aws-java-sdk-dynamodb-1.10.50.jar, file:/C:/Users/adevanan/.gradle/caches/modules-2/files-2.1/com.amazonaws/aws-java-sdk-sns/1.10.50/603baf416d8340a86ede8342a067da0b06fa4760/aws-java-sdk-sns-1.10.50.jar, file:/C:/Users/adevanan/.gradle/caches/modules-2/files-2.1/com.amazonaws/aws-java-sdk-cloudtrail/1.10.50/3a0a1a4a69b59ce302dd17da7c31c8529b146daf/aws-java-sdk-cloudtrail-1.10.50.jar, file:/C:/Users/adevanan/.gradle/caches/modules-2/files-2.1/com.amazonaws/aws-java-sdk-cloudwatch/1.10.50/3913664e8ef1f4f6102da68aa87cb2fca5daca70/aws-java-sdk-cloudwatch-1.10.50.jar, file:/C:/Users/adevanan/.gradle/caches/modules-2/files-2.1/com.amazonaws/aws-java-sdk-logs/1.10.50/39e6c1c0422d3d106851a2bb2873da628ac75edc/aws-java-sdk-logs-1.10.50.jar, file:/C:/Users/adevanan/.gradle/caches/modules-2/files-2.1/com.amazonaws/aws-java-sdk-events/1.10.50/c9a24147785124ea033ee5227d772256998c40d1/aws-java-sdk-events-1.10.50.jar, file:/C:/Users/adevanan/.gradle/caches/modules-2/files-2.1/com.amazonaws/aws-java-sdk-cognitoidentity/1.10.50/4b579a0b263d3e51e07a85e6e68dfe5623a33205/aws-java-sdk-cognitoidentity-1.10.50.jar, file:/C:/Users/adevanan/.gradle/caches/modules-2/files-2.1/com.amazonaws/aws-java-sdk-cognitosync/1.10.50/961f2906f6ae60d3f594f5c67ea087d5bae96c63/aws-java-sdk-cognitosync-1.10.50.jar, file:/C:/Users/adevanan/.gradle/caches/modules-2/files-2.1/com.amazonaws/aws-java-sdk-directconnect/1.10.50/ffd3e42819534d9e6daee0cf604f1ebd36460cf/aws-java-sdk-directconnect-1.10.50.jar, file:/C:/Users/adevanan/.gradle/caches/modules-2/files-2.1/com.amazonaws/aws-java-sdk-cloudformation/1.10.50/77516b22dbd4c0bce4dd3314018717b22e765035/aws-java-sdk-cloudformation-1.10.50.jar, file:/C:/Users/adevanan/.gradle/caches/modules-2/files-2.1/com.amazonaws/aws-java-sdk-cloudfront/1.10.50/5ef24d0ef672bb7449efe77326dc09416f59950f/aws-java-sdk-cloudfront-1.10.50.jar, file:/C:/Users/adevanan/.gradle/caches/modules-2/files-2.1/com.amazonaws/aws-java-sdk-kinesis/1.10.50/f4c81660388fd238bd8ec414569a58fe4297972c/aws-java-sdk-kinesis-1.10.50.jar, file:/C:/Users/adevanan/.gradle/caches/modules-2/files-2.1/com.amazonaws/aws-java-sdk-opsworks/1.10.50/bbe9ba48f3b8992ae5aeb29cae17553fff514b99/aws-java-sdk-opsworks-1.10.50.jar, file:/C:/Users/adevanan/.gradle/caches/modules-2/files-2.1/com.amazonaws/aws-java-sdk-ses/1.10.50/1aff509b8edc3736a84e0e988065895fca459850/aws-java-sdk-ses-1.10.50.jar, file:/C:/Users/adevanan/.gradle/caches/modules-2/files-2.1/com.amazonaws/aws-java-sdk-autoscaling/1.10.50/6e9d311950a7665bc309ab8bbb4459f0229fabef/aws-java-sdk-autoscaling-1.10.50.jar, file:/C:/Users/adevanan/.gradle/caches/modules-2/files-2.1/com.amazonaws/aws-java-sdk-cloudsearch/1.10.50/5b7df8c8c71404f2e3fb561c2bf3078efa08fa4/aws-java-sdk-cloudsearch-1.10.50.jar, file:/C:/Users/adevanan/.gradle/caches/modules-2/files-2.1/com.amazonaws/aws-java-sdk-cloudwatchmetrics/1.10.50/e30751c447840a6b25f7ce654942d2855263231/aws-java-sdk-cloudwatchmetrics-1.10.50.jar, file:/C:/Users/adevanan/.gradle/caches/modules-2/files-2.1/com.amazonaws/aws-java-sdk-swf-libraries/1.10.50/cdecddbef362c2e2bf87a7af3662b16df140f26b/aws-java-sdk-swf-libraries-1.10.50.jar, file:/C:/Users/adevanan/.gradle/caches/modules-2/files-2.1/com.amazonaws/aws-java-sdk-codedeploy/1.10.50/6614a49091231a4e1b5e813f55f4b6e8ef981950/aws-java-sdk-codedeploy-1.10.50.jar, file:/C:/Users/adevanan/.gradle/caches/modules-2/files-2.1/com.amazonaws/aws-java-sdk-codepipeline/1.10.50/634bc18ac4bca197744d94db4f37f228fe4fb15/aws-java-sdk-codepipeline-1.10.50.jar, file:/C:/Users/adevanan/.gradle/caches/modules-2/files-2.1/com.amazonaws/aws-java-sdk-kms/1.10.50/a66de4556e092163de6fb5901ae483728c9e2d50/aws-java-sdk-kms-1.10.50.jar, file:/C:/Users/adevanan/.gradle/caches/modules-2/files-2.1/com.amazonaws/aws-java-sdk-config/1.10.50/879b8a1ce806ca461267619fda11aa7eb806c100/aws-java-sdk-config-1.10.50.jar, file:/C:/Users/adevanan/.gradle/caches/modules-2/files-2.1/com.amazonaws/aws-java-sdk-lambda/1.10.50/3737664138f176704d271790d2950f40841ef0a2/aws-java-sdk-lambda-1.10.50.jar, file:/C:/Users/adevanan/.gradle/caches/modules-2/files-2.1/com.amazonaws/aws-java-sdk-ecs/1.10.50/a3546e59f972216bc067589add3d671a1c16ddd0/aws-java-sdk-ecs-1.10.50.jar, file:/C:/Users/adevanan/.gradle/caches/modules-2/files-2.1/com.amazonaws/aws-java-sdk-ecr/1.10.50/90be906743c83b5d2ecdae54892850afa134eb91/aws-java-sdk-ecr-1.10.50.jar, file:/C:/Users/adevanan/.gradle/caches/modules-2/files-2.1/com.amazonaws/aws-java-sdk-cloudhsm/1.10.50/3ad087177949c60bb3581c5e3e9fc7230d0a089/aws-java-sdk-cloudhsm-1.10.50.jar, file:/C:/Users/adevanan/.gradle/caches/modules-2/files-2.1/com.amazonaws/aws-java-sdk-ssm/1.10.50/8907946b7636c6fafa5cafbee862bdeaf48d398b/aws-java-sdk-ssm-1.10.50.jar, file:/C:/Users/adevanan/.gradle/caches/modules-2/files-2.1/com.amazonaws/aws-java-sdk-workspaces/1.10.50/4484431ef4d3bdc51b0f0b2044d0c01e55b45694/aws-java-sdk-workspaces-1.10.50.jar, file:/C:/Users/adevanan/.gradle/caches/modules-2/files-2.1/com.amazonaws/aws-java-sdk-machinelearning/1.10.50/788c15b657ffc3535e03f8091f38836a3410f185/aws-java-sdk-machinelearning-1.10.50.jar, file:/C:/Users/adevanan/.gradle/caches/modules-2/files-2.1/com.amazonaws/aws-java-sdk-directory/1.10.50/a14d2cd2aa0ae2078e35b75d67fad641771fee40/aws-java-sdk-directory-1.10.50.jar, file:/C:/Users/adevanan/.gradle/caches/modules-2/files-2.1/com.amazonaws/aws-java-sdk-efs/1.10.50/478d97e8453f95417c6023f1d0ed15bbfa22c2fa/aws-java-sdk-efs-1.10.50.jar, file:/C:/Users/adevanan/.gradle/caches/modules-2/files-2.1/com.amazonaws/aws-java-sdk-codecommit/1.10.50/b2668c01548a9577eba54c73640d61901abbe98f/aws-java-sdk-codecommit-1.10.50.jar, file:/C:/Users/adevanan/.gradle/caches/modules-2/files-2.1/com.amazonaws/aws-java-sdk-devicefarm/1.10.50/5944048f4ea99a28a88bc6ce70cf3c225d1d92f5/aws-java-sdk-devicefarm-1.10.50.jar, file:/C:/Users/adevanan/.gradle/caches/modules-2/files-2.1/com.amazonaws/aws-java-sdk-elasticsearch/1.10.50/16bb96016ec9e73b6458763e1c35a334ad05ce0e/aws-java-sdk-elasticsearch-1.10.50.jar, file:/C:/Users/adevanan/.gradle/caches/modules-2/files-2.1/com.amazonaws/aws-java-sdk-waf/1.10.50/692cafa00c20a897adab8b65b54b0102ee94b1be/aws-java-sdk-waf-1.10.50.jar, file:/C:/Users/adevanan/.gradle/caches/modules-2/files-2.1/com.amazonaws/aws-java-sdk-marketplacecommerceanalytics/1.10.50/f48d55ab3fa8833d282483c80adfc5e3b98f99b4/aws-java-sdk-marketplacecommerceanalytics-1.10.50.jar, file:/C:/Users/adevanan/.gradle/caches/modules-2/files-2.1/com.amazonaws/aws-java-sdk-inspector/1.10.50/f32f4a4616fd3aae665d264ae808b8568e3ddd4b/aws-java-sdk-inspector-1.10.50.jar, file:/C:/Users/adevanan/.gradle/caches/modules-2/files-2.1/com.amazonaws/aws-java-sdk-iot/1.10.50/9ebb4a8aaf5114ca7806d864ba56242475dcae2c/aws-java-sdk-iot-1.10.50.jar, file:/C:/Users/adevanan/.gradle/caches/modules-2/files-2.1/com.amazonaws/aws-java-sdk-api-gateway/1.10.50/4d60bb86cf8841af0e1140bdbc95a5b4b1974f1c/aws-java-sdk-api-gateway-1.10.50.jar, file:/C:/Users/adevanan/.gradle/caches/modules-2/files-2.1/com.amazonaws/aws-java-sdk-acm/1.10.50/2208e4bc694ed9d30539eee1d57e8f1eaa78e4db/aws-java-sdk-acm-1.10.50.jar, file:/C:/Users/adevanan/.gradle/caches/modules-2/files-2.1/com.amazonaws/aws-java-sdk-core/1.10.50/382c65e92cc9c7c6aed8e953575fd4de0a5b82c6/aws-java-sdk-core-1.10.50.jar, file:/C:/Users/adevanan/.gradle/caches/modules-2/files-2.1/junit/junit/4.12/2973d150c0dc1fefe998f834810d68f278ea58ec/junit-4.12.jar, file:/C:/Users/adevanan/.gradle/caches/modules-2/files-2.1/org.mockito/mockito-core/1.10.19/e8546f5bef4e061d8dd73895b4e8f40e3fe6effe/mockito-core-1.10.19.jar, file:/C:/Users/adevanan/.gradle/caches/modules-2/files-2.1/org.hamcrest/hamcrest-core/1.3/42a25dc3219429f0e5d060061f71acb49bf010a0/hamcrest-core-1.3.jar, file:/C:/Users/adevanan/.gradle/caches/modules-2/files-2.1/org.hamcrest/hamcrest-library/1.3/4785a3c21320980282f9f33d0d1264a69040538f/hamcrest-library-1.3.jar, file:/C:/Users/adevanan/.gradle/caches/modules-2/files-2.1/org.springframework/spring-core/4.2.4.RELEASE/160ccd89230753d4f49477a967f5876b034d9745/spring-core-4.2.4.RELEASE.jar, file:/C:/Users/adevanan/.gradle/caches/modules-2/files-2.1/org.springframework/spring-test/4.2.4.RELEASE/6efb87acf8050fc83334ffac305eb91371787283/spring-test-4.2.4.RELEASE.jar, file:/C:/Users/adevanan/.gradle/caches/modules-2/files-2.1/org.springframework.boot/spring-boot/1.3.2.RELEASE/62d0b690a08be593bb0288e0ec93f5bda52be6a/spring-boot-1.3.2.RELEASE.jar, file:/C:/Users/adevanan/.gradle/caches/modules-2/files-2.1/org.springframework.boot/spring-boot-autoconfigure/1.3.2.RELEASE/dbd3d19d62e588b7fd495e8a3071ff076d0f74d5/spring-boot-autoconfigure-1.3.2.RELEASE.jar, file:/C:/Users/adevanan/.gradle/caches/modules-2/files-2.1/org.springframework.boot/spring-boot-starter-logging/1.3.2.RELEASE/f45580c295d3d340b6af23562fa034d48cef085a/spring-boot-starter-logging-1.3.2.RELEASE.jar, file:/C:/Users/adevanan/.gradle/caches/modules-2/files-2.1/org.yaml/snakeyaml/1.16/d64fb662c9e42789149f5078a62a22edda786c6a/snakeyaml-1.16.jar, file:/C:/Users/adevanan/.gradle/caches/modules-2/files-2.1/org.springframework/spring-context/4.2.4.RELEASE/23cd0109e4eafc5629547e3680b0c4031e82efdd/spring-context-4.2.4.RELEASE.jar, file:/C:/Users/adevanan/.gradle/caches/modules-2/files-2.1/com.fasterxml.jackson.core/jackson-core/2.6.5/334369d7eff497f358b248c171dac0dd62c68f67/jackson-core-2.6.5.jar, file:/C:/Users/adevanan/.gradle/caches/modules-2/files-2.1/org.springframework.data/spring-data-rest-core/2.4.2.RELEASE/ff88cfa33a21100121b683e44da2dc3db6f85099/spring-data-rest-core-2.4.2.RELEASE.jar, file:/C:/Users/adevanan/.gradle/caches/modules-2/files-2.1/com.github.fge/json-patch/1.7/78831bdcabc64a4f9e64e1439763010b24e0d71d/json-patch-1.7.jar, file:/C:/Users/adevanan/.gradle/caches/modules-2/files-2.1/org.slf4j/slf4j-api/1.7.13/7fcf30c25b8f4a9379b9dad0d3f487b25272c026/slf4j-api-1.7.13.jar, file:/C:/Users/adevanan/.gradle/caches/modules-2/files-2.1/org.slf4j/jcl-over-slf4j/1.7.13/d78d2242e14e4182625152d225f76ae52b43491d/jcl-over-slf4j-1.7.13.jar, file:/C:/Users/adevanan/.gradle/caches/modules-2/files-2.1/org.apache.tomcat.embed/tomcat-embed-core/8.0.30/87b12667b258d0135f7cf4234030a5ccbb55193f/tomcat-embed-core-8.0.30.jar, file:/C:/Users/adevanan/.gradle/caches/modules-2/files-2.1/org.apache.tomcat.embed/tomcat-embed-el/8.0.30/b97d5ff750126d7fdaf412aeec219306bd157e50/tomcat-embed-el-8.0.30.jar, file:/C:/Users/adevanan/.gradle/caches/modules-2/files-2.1/org.apache.tomcat.embed/tomcat-embed-logging-juli/8.0.30/c19b5c37e1f67bf58f9726b438d5323411cd43c6/tomcat-embed-logging-juli-8.0.30.jar, file:/C:/Users/adevanan/.gradle/caches/modules-2/files-2.1/org.apache.tomcat.embed/tomcat-embed-websocket/8.0.30/84cf6feff7ed4f73689b4fa076cc6ec33851e075/tomcat-embed-websocket-8.0.30.jar, file:/C:/Users/adevanan/.gradle/caches/modules-2/files-2.1/org.hibernate/hibernate-validator/5.2.2.Final/990905cd9184450c5f3e929ab2566305e3a67fa1/hibernate-validator-5.2.2.Final.jar, file:/C:/Users/adevanan/.gradle/caches/modules-2/files-2.1/org.springframework/spring-aop/4.2.4.RELEASE/3329cf71b4bc49c9767ca4f0704ed7b773f29fba/spring-aop-4.2.4.RELEASE.jar, file:/C:/Users/adevanan/.gradle/caches/modules-2/files-2.1/org.springframework/spring-beans/4.2.4.RELEASE/dc8e0874b53435f3e277d9da5aebd8b93cc7cf64/spring-beans-4.2.4.RELEASE.jar, file:/C:/Users/adevanan/.gradle/caches/modules-2/files-2.1/org.springframework/spring-expression/4.2.4.RELEASE/15b6f6d61bc68fe2cc6cbd63e2329601afb8b39/spring-expression-4.2.4.RELEASE.jar, file:/C:/Users/adevanan/.gradle/caches/modules-2/files-2.1/org.apache.httpcomponents/httpclient/4.5.1/7e3cecc566df91338c6c67883b89ddd05a17db43/httpclient-4.5.1.jar, file:/C:/Users/adevanan/.gradle/caches/modules-2/files-2.1/joda-time/joda-time/2.8.2/d27c24204c5e507b16fec01006b3d0f1ec42aed4/joda-time-2.8.2.jar, file:/C:/Users/adevanan/.gradle/caches/modules-2/files-2.1/org.objenesis/objenesis/2.1/87c0ea803b69252868d09308b4618f766f135a96/objenesis-2.1.jar, file:/C:/Users/adevanan/.gradle/caches/modules-2/files-2.1/ch.qos.logback/logback-classic/1.1.3/d90276fff414f06cb375f2057f6778cd63c6082f/logback-classic-1.1.3.jar, file:/C:/Users/adevanan/.gradle/caches/modules-2/files-2.1/org.slf4j/jul-to-slf4j/1.7.13/43759e986de5fec7045e35e9533e5ad2f6cd1b05/jul-to-slf4j-1.7.13.jar, file:/C:/Users/adevanan/.gradle/caches/modules-2/files-2.1/org.slf4j/log4j-over-slf4j/1.7.13/b5f4685073a6ffba6bf7e1d51e2b5fb83bdfa953/log4j-over-slf4j-1.7.13.jar, file:/C:/Users/adevanan/.gradle/caches/modules-2/files-2.1/org.springframework/spring-tx/4.2.4.RELEASE/66e1a131263f5f9ba95943061b22ff2666930ca6/spring-tx-4.2.4.RELEASE.jar, file:/C:/Users/adevanan/.gradle/caches/modules-2/files-2.1/org.springframework.hateoas/spring-hateoas/0.19.0.RELEASE/77b3b15c301d2517356b76304a2670df33ef2e2c/spring-hateoas-0.19.0.RELEASE.jar, file:/C:/Users/adevanan/.gradle/caches/modules-2/files-2.1/org.springframework.data/spring-data-commons/1.11.2.RELEASE/6422e6f06584244d846d6bc74e5f2c163701b89a/spring-data-commons-1.11.2.RELEASE.jar, file:/C:/Users/adevanan/.gradle/caches/modules-2/files-2.1/org.springframework.plugin/spring-plugin-core/1.2.0.RELEASE/f380e7760032e7d929184f8ad8a33716b75c0657/spring-plugin-core-1.2.0.RELEASE.jar, file:/C:/Users/adevanan/.gradle/caches/modules-2/files-2.1/org.atteo/evo-inflector/1.2.1/b9cdd1e7dc20a222db0853dfb152ef349c7d0eed/evo-inflector-1.2.1.jar, file:/C:/Users/adevanan/.gradle/caches/modules-2/files-2.1/com.github.fge/jackson-coreutils/1.6/9e6af56eb7cc2a65700b289abc7ee2bd170fd231/jackson-coreutils-1.6.jar, file:/C:/Users/adevanan/.gradle/caches/modules-2/files-2.1/com.google.code.findbugs/jsr305/2.0.1/516c03b21d50a644d538de0f0369c620989cd8f0/jsr305-2.0.1.jar, file:/C:/Users/adevanan/.gradle/caches/modules-2/files-2.1/javax.validation/validation-api/1.1.0.Final/8613ae82954779d518631e05daa73a6a954817d5/validation-api-1.1.0.Final.jar, file:/C:/Users/adevanan/.gradle/caches/modules-2/files-2.1/org.jboss.logging/jboss-logging/3.3.0.Final/3616bb87707910296e2c195dc016287080bba5af/jboss-logging-3.3.0.Final.jar, file:/C:/Users/adevanan/.gradle/caches/modules-2/files-2.1/com.fasterxml/classmate/1.1.0/dbbd699a1486ad0f2ed6f5af6cfed66acacb9056/classmate-1.1.0.jar, file:/C:/Users/adevanan/.gradle/caches/modules-2/files-2.1/aopalliance/aopalliance/1.0/235ba8b489512805ac13a8f9ea77a1ca5ebe3e8/aopalliance-1.0.jar, file:/C:/Users/adevanan/.gradle/caches/modules-2/files-2.1/org.apache.httpcomponents/httpcore/4.4.4/b31526a230871fbe285fbcbe2813f9c0839ae9b0/httpcore-4.4.4.jar, file:/C:/Users/adevanan/.gradle/caches/modules-2/files-2.1/commons-codec/commons-codec/1.9/9ce04e34240f674bc72680f8b843b1457383161a/commons-codec-1.9.jar, file:/C:/Users/adevanan/.gradle/caches/modules-2/files-2.1/ch.qos.logback/logback-core/1.1.3/e3c02049f2dbbc764681b40094ecf0dcbc99b157/logback-core-1.1.3.jar, file:/C:/Users/adevanan/.gradle/caches/modules-2/files-2.1/com.github.fge/msg-simple/1.1/f261263e13dd4cfa93cc6b83f1f58f619097a2c4/msg-simple-1.1.jar, file:/C:/Users/adevanan/.gradle/caches/modules-2/files-2.1/com.google.guava/guava/16.0.1/5fa98cd1a63c99a44dd8d3b77e4762b066a5d0c5/guava-16.0.1.jar, file:/C:/Users/adevanan/.gradle/caches/modules-2/files-2.1/com.github.fge/btf/1.2/9e66651022eb86301b348d57e6f59459effc343b/btf-1.2.jar, file:/C:/Users/adevanan/.gradle/caches/modules-2/files-2.1/commons-logging/commons-logging/1.2/4bfc12adfe4842bf07b657f0369c4cb522955686/commons-logging-1.2.jar]
2016-02-05 19:47:46.877 ERROR 1500 --- [    Test worker] o.s.test.context.TestContextManager      : Caught exception while allowing TestExecutionListener [org.springframework.test.context.web.ServletTestExecutionListener@d0968f1] to prepare test instance [com.tek.simTrade.SimTradeApplicationTests@5c32f25d]

java.lang.IllegalStateException: Failed to load ApplicationContext
	at org.springframework.test.context.cache.DefaultCacheAwareContextLoaderDelegate.loadContext(DefaultCacheAwareContextLoaderDelegate.java:124) ~[spring-test-4.2.4.RELEASE.jar:4.2.4.RELEASE]
	at org.springframework.test.context.support.DefaultTestContext.getApplicationContext(DefaultTestContext.java:83) ~[spring-test-4.2.4.RELEASE.jar:4.2.4.RELEASE]
	at org.springframework.test.context.web.ServletTestExecutionListener.setUpRequestContextIfNecessary(ServletTestExecutionListener.java:183) ~[spring-test-4.2.4.RELEASE.jar:4.2.4.RELEASE]
	at org.springframework.test.context.web.ServletTestExecutionListener.prepareTestInstance(ServletTestExecutionListener.java:123) ~[spring-test-4.2.4.RELEASE.jar:4.2.4.RELEASE]
	at org.springframework.test.context.TestContextManager.prepareTestInstance(TestContextManager.java:228) ~[spring-test-4.2.4.RELEASE.jar:4.2.4.RELEASE]
	at org.springframework.test.context.junit4.SpringJUnit4ClassRunner.createTest(SpringJUnit4ClassRunner.java:230) [spring-test-4.2.4.RELEASE.jar:4.2.4.RELEASE]
	at org.springframework.test.context.junit4.SpringJUnit4ClassRunner$1.runReflectiveCall(SpringJUnit4ClassRunner.java:289) [spring-test-4.2.4.RELEASE.jar:4.2.4.RELEASE]
	at org.junit.internal.runners.model.ReflectiveCallable.run(ReflectiveCallable.java:12) [junit-4.12.jar:4.12]
	at org.springframework.test.context.junit4.SpringJUnit4ClassRunner.methodBlock(SpringJUnit4ClassRunner.java:291) [spring-test-4.2.4.RELEASE.jar:4.2.4.RELEASE]
	at org.springframework.test.context.junit4.SpringJUnit4ClassRunner.runChild(SpringJUnit4ClassRunner.java:249) [spring-test-4.2.4.RELEASE.jar:4.2.4.RELEASE]
	at org.springframework.test.context.junit4.SpringJUnit4ClassRunner.runChild(SpringJUnit4ClassRunner.java:89) [spring-test-4.2.4.RELEASE.jar:4.2.4.RELEASE]
	at org.junit.runners.ParentRunner$3.run(ParentRunner.java:290) [junit-4.12.jar:4.12]
	at org.junit.runners.ParentRunner$1.schedule(ParentRunner.java:71) [junit-4.12.jar:4.12]
	at org.junit.runners.ParentRunner.runChildren(ParentRunner.java:288) [junit-4.12.jar:4.12]
	at org.junit.runners.ParentRunner.access$000(ParentRunner.java:58) [junit-4.12.jar:4.12]
	at org.junit.runners.ParentRunner$2.evaluate(ParentRunner.java:268) [junit-4.12.jar:4.12]
	at org.springframework.test.context.junit4.statements.RunBeforeTestClassCallbacks.evaluate(RunBeforeTestClassCallbacks.java:61) [spring-test-4.2.4.RELEASE.jar:4.2.4.RELEASE]
	at org.springframework.test.context.junit4.statements.RunAfterTestClassCallbacks.evaluate(RunAfterTestClassCallbacks.java:70) [spring-test-4.2.4.RELEASE.jar:4.2.4.RELEASE]
	at org.junit.runners.ParentRunner.run(ParentRunner.java:363) [junit-4.12.jar:4.12]
	at org.springframework.test.context.junit4.SpringJUnit4ClassRunner.run(SpringJUnit4ClassRunner.java:193) [spring-test-4.2.4.RELEASE.jar:4.2.4.RELEASE]
	at org.gradle.api.internal.tasks.testing.junit.JUnitTestClassExecuter.runTestClass(JUnitTestClassExecuter.java:105) [gradle-plugins-2.9.jar:2.9]
	at org.gradle.api.internal.tasks.testing.junit.JUnitTestClassExecuter.execute(JUnitTestClassExecuter.java:56) [gradle-plugins-2.9.jar:2.9]
	at org.gradle.api.internal.tasks.testing.junit.JUnitTestClassProcessor.processTestClass(JUnitTestClassProcessor.java:64) [gradle-plugins-2.9.jar:2.9]
	at org.gradle.api.internal.tasks.testing.SuiteTestClassProcessor.processTestClass(SuiteTestClassProcessor.java:50) [gradle-plugins-2.9.jar:2.9]
	at sun.reflect.NativeMethodAccessorImpl.invoke0(Native Method) ~[na:1.7.0_79]
	at sun.reflect.NativeMethodAccessorImpl.invoke(NativeMethodAccessorImpl.java:57) ~[na:1.7.0_79]
	at sun.reflect.DelegatingMethodAccessorImpl.invoke(DelegatingMethodAccessorImpl.java:43) ~[na:1.7.0_79]
	at java.lang.reflect.Method.invoke(Method.java:606) ~[na:1.7.0_79]
	at org.gradle.messaging.dispatch.ReflectionDispatch.dispatch(ReflectionDispatch.java:35) [gradle-messaging-2.9.jar:2.9]
	at org.gradle.messaging.dispatch.ReflectionDispatch.dispatch(ReflectionDispatch.java:24) [gradle-messaging-2.9.jar:2.9]
	at org.gradle.messaging.dispatch.ContextClassLoaderDispatch.dispatch(ContextClassLoaderDispatch.java:32) [gradle-messaging-2.9.jar:2.9]
	at org.gradle.messaging.dispatch.ProxyDispatchAdapter$DispatchingInvocationHandler.invoke(ProxyDispatchAdapter.java:93) [gradle-messaging-2.9.jar:2.9]
	at com.sun.proxy.$Proxy2.processTestClass(Unknown Source) [na:na]
	at org.gradle.api.internal.tasks.testing.worker.TestWorker.processTestClass(TestWorker.java:106) [gradle-plugins-2.9.jar:2.9]
	at sun.reflect.NativeMethodAccessorImpl.invoke0(Native Method) ~[na:1.7.0_79]
	at sun.reflect.NativeMethodAccessorImpl.invoke(NativeMethodAccessorImpl.java:57) ~[na:1.7.0_79]
	at sun.reflect.DelegatingMethodAccessorImpl.invoke(DelegatingMethodAccessorImpl.java:43) ~[na:1.7.0_79]
	at java.lang.reflect.Method.invoke(Method.java:606) ~[na:1.7.0_79]
	at org.gradle.messaging.dispatch.ReflectionDispatch.dispatch(ReflectionDispatch.java:35) [gradle-messaging-2.9.jar:2.9]
	at org.gradle.messaging.dispatch.ReflectionDispatch.dispatch(ReflectionDispatch.java:24) [gradle-messaging-2.9.jar:2.9]
	at org.gradle.messaging.remote.internal.hub.MessageHub$Handler.run(MessageHub.java:360) [gradle-messaging-2.9.jar:2.9]
	at org.gradle.internal.concurrent.ExecutorPolicy$CatchAndRecordFailures.onExecute(ExecutorPolicy.java:54) [gradle-base-services-2.9.jar:2.9]
	at org.gradle.internal.concurrent.StoppableExecutorImpl$1.run(StoppableExecutorImpl.java:40) [gradle-base-services-2.9.jar:2.9]
	at java.util.concurrent.ThreadPoolExecutor.runWorker(ThreadPoolExecutor.java:1145) [na:1.7.0_79]
	at java.util.concurrent.ThreadPoolExecutor$Worker.run(ThreadPoolExecutor.java:615) [na:1.7.0_79]
	at java.lang.Thread.run(Thread.java:745) [na:1.7.0_79]
Caused by: org.springframework.beans.factory.BeanDefinitionStoreException: Failed to parse configuration class [com.tek.simTrade.SimTradeApplication]; nested exception is java.io.FileNotFoundException: class path resource [properties/local.properties] cannot be opened because it does not exist
	at org.springframework.context.annotation.ConfigurationClassParser.parse(ConfigurationClassParser.java:181) ~[spring-context-4.2.4.RELEASE.jar:4.2.4.RELEASE]
	at org.springframework.context.annotation.ConfigurationClassPostProcessor.processConfigBeanDefinitions(ConfigurationClassPostProcessor.java:321) ~[spring-context-4.2.4.RELEASE.jar:4.2.4.RELEASE]
	at org.springframework.context.annotation.ConfigurationClassPostProcessor.postProcessBeanDefinitionRegistry(ConfigurationClassPostProcessor.java:243) ~[spring-context-4.2.4.RELEASE.jar:4.2.4.RELEASE]
	at org.springframework.context.support.PostProcessorRegistrationDelegate.invokeBeanDefinitionRegistryPostProcessors(PostProcessorRegistrationDelegate.java:273) ~[spring-context-4.2.4.RELEASE.jar:4.2.4.RELEASE]
	at org.springframework.context.support.PostProcessorRegistrationDelegate.invokeBeanFactoryPostProcessors(PostProcessorRegistrationDelegate.java:98) ~[spring-context-4.2.4.RELEASE.jar:4.2.4.RELEASE]
	at org.springframework.context.support.AbstractApplicationContext.invokeBeanFactoryPostProcessors(AbstractApplicationContext.java:678) ~[spring-context-4.2.4.RELEASE.jar:4.2.4.RELEASE]
	at org.springframework.context.support.AbstractApplicationContext.refresh(AbstractApplicationContext.java:520) ~[spring-context-4.2.4.RELEASE.jar:4.2.4.RELEASE]
	at org.springframework.boot.SpringApplication.refresh(SpringApplication.java:766) ~[spring-boot-1.3.2.RELEASE.jar:1.3.2.RELEASE]
	at org.springframework.boot.SpringApplication.createAndRefreshContext(SpringApplication.java:361) ~[spring-boot-1.3.2.RELEASE.jar:1.3.2.RELEASE]
	at org.springframework.boot.SpringApplication.run(SpringApplication.java:307) ~[spring-boot-1.3.2.RELEASE.jar:1.3.2.RELEASE]
	at org.springframework.boot.test.SpringApplicationContextLoader.loadContext(SpringApplicationContextLoader.java:98) ~[spring-boot-1.3.2.RELEASE.jar:1.3.2.RELEASE]
	at org.springframework.test.context.cache.DefaultCacheAwareContextLoaderDelegate.loadContextInternal(DefaultCacheAwareContextLoaderDelegate.java:98) ~[spring-test-4.2.4.RELEASE.jar:4.2.4.RELEASE]
	at org.springframework.test.context.cache.DefaultCacheAwareContextLoaderDelegate.loadContext(DefaultCacheAwareContextLoaderDelegate.java:116) ~[spring-test-4.2.4.RELEASE.jar:4.2.4.RELEASE]
	... 45 common frames omitted
Caused by: java.io.FileNotFoundException: class path resource [properties/local.properties] cannot be opened because it does not exist
	at org.springframework.core.io.ClassPathResource.getInputStream(ClassPathResource.java:172) ~[spring-core-4.2.4.RELEASE.jar:4.2.4.RELEASE]
	at org.springframework.core.io.support.EncodedResource.getInputStream(EncodedResource.java:153) ~[spring-core-4.2.4.RELEASE.jar:4.2.4.RELEASE]
	at org.springframework.core.io.support.PropertiesLoaderUtils.fillProperties(PropertiesLoaderUtils.java:98) ~[spring-core-4.2.4.RELEASE.jar:4.2.4.RELEASE]
	at org.springframework.core.io.support.PropertiesLoaderUtils.fillProperties(PropertiesLoaderUtils.java:72) ~[spring-core-4.2.4.RELEASE.jar:4.2.4.RELEASE]
	at org.springframework.core.io.support.PropertiesLoaderUtils.loadProperties(PropertiesLoaderUtils.java:58) ~[spring-core-4.2.4.RELEASE.jar:4.2.4.RELEASE]
	at org.springframework.core.io.support.ResourcePropertySource.&lt;init&gt;(ResourcePropertySource.java:84) ~[spring-core-4.2.4.RELEASE.jar:4.2.4.RELEASE]
	at org.springframework.context.annotation.ConfigurationClassParser.processPropertySource(ConfigurationClassParser.java:360) ~[spring-context-4.2.4.RELEASE.jar:4.2.4.RELEASE]
	at org.springframework.context.annotation.ConfigurationClassParser.doProcessConfigurationClass(ConfigurationClassParser.java:254) ~[spring-context-4.2.4.RELEASE.jar:4.2.4.RELEASE]
	at org.springframework.context.annotation.ConfigurationClassParser.processConfigurationClass(ConfigurationClassParser.java:231) ~[spring-context-4.2.4.RELEASE.jar:4.2.4.RELEASE]
	at org.springframework.context.annotation.ConfigurationClassParser.parse(ConfigurationClassParser.java:190) ~[spring-context-4.2.4.RELEASE.jar:4.2.4.RELEASE]
	at org.springframework.context.annotation.ConfigurationClassParser.doProcessConfigurationClass(ConfigurationClassParser.java:271) ~[spring-context-4.2.4.RELEASE.jar:4.2.4.RELEASE]
	at org.springframework.context.annotation.ConfigurationClassParser.processConfigurationClass(ConfigurationClassParser.java:231) ~[spring-context-4.2.4.RELEASE.jar:4.2.4.RELEASE]
	at org.springframework.context.annotation.ConfigurationClassParser.parse(ConfigurationClassParser.java:198) ~[spring-context-4.2.4.RELEASE.jar:4.2.4.RELEASE]
	at org.springframework.context.annotation.ConfigurationClassParser.parse(ConfigurationClassParser.java:167) ~[spring-context-4.2.4.RELEASE.jar:4.2.4.RELEASE]
	... 57 common frames omitted

</pre>
</span>
</div>
</div>
<div id="footer">
<p>
<div>
<label class="hidden" id="label-for-line-wrapping-toggle" for="line-wrapping-toggle">Wrap lines
<input id="line-wrapping-toggle" type="checkbox" autocomplete="off"/>
</label>
</div>Generated by 
<a href="http://www.gradle.org">Gradle 2.9</a> at Feb 5, 2016 7:47:47 PM</p>
</div>
</div>
</body>
</html>
